# JRE version: OpenJDK Runtime Environment (8.0_152-b01) (build 1.8.0_152-release-915-b01)
# Java VM: OpenJDK 64-Bit Server VM (25.152-b01 mixed mode windows-amd64 compressed oops)
Heap:
 PSYoungGen      total 451584K, used 441025K [0x00000000e0000000, 0x00000000ff180000, 0x0000000100000000)
  eden space 400896K, 100% used [0x00000000e0000000,0x00000000f8780000,0x00000000f8780000)
  from space 50688K, 79% used [0x00000000fbc00000,0x00000000fe330788,0x00000000fed80000)
  to   space 53760K, 15% used [0x00000000f8780000,0x00000000f8fbd9c8,0x00000000fbc00000)
 ParOldGen       total 981504K, used 802380K [0x00000000a0000000, 0x00000000dbe80000, 0x00000000e0000000)
  object space 981504K, 81% used [0x00000000a0000000,0x00000000d0f93290,0x00000000dbe80000)
 Metaspace       used 89320K, capacity 94999K, committed 95192K, reserved 1132544K
  class space    used 11314K, capacity 12708K, committed 12800K, reserved 1048576K
GC Heap History (10 events):
Event: 2561.603 GC heap after
Heap after GC invocations=25 (full 3):
 PSYoungGen      total 315904K, used 32749K [0x00000000e0000000, 0x00000000f7000000, 0x0000000100000000)
  eden space 278528K, 0% used [0x00000000e0000000,0x00000000e0000000,0x00000000f1000000)
  from space 37376K, 87% used [0x00000000f3780000,0x00000000f577b798,0x00000000f5c00000)
  to   space 40448K, 0% used [0x00000000f1000000,0x00000000f1000000,0x00000000f3780000)
 ParOldGen       total 266752K, used 69464K [0x00000000a0000000, 0x00000000b0480000, 0x00000000e0000000)
  object space 266752K, 26% used [0x00000000a0000000,0x00000000a43d6098,0x00000000b0480000)
 Metaspace       used 89057K, capacity 94773K, committed 94936K, reserved 1132544K
  class space    used 11294K, capacity 12701K, committed 12800K, reserved 1048576K
}
Event: 2563.338 GC heap before
{Heap before GC invocations=26 (full 3):
 PSYoungGen      total 315904K, used 311277K [0x00000000e0000000, 0x00000000f7000000, 0x0000000100000000)
  eden space 278528K, 100% used [0x00000000e0000000,0x00000000f1000000,0x00000000f1000000)
  from space 37376K, 87% used [0x00000000f3780000,0x00000000f577b798,0x00000000f5c00000)
  to   space 40448K, 0% used [0x00000000f1000000,0x00000000f1000000,0x00000000f3780000)
 ParOldGen       total 266752K, used 69464K [0x00000000a0000000, 0x00000000b0480000, 0x00000000e0000000)
  object space 266752K, 26% used [0x00000000a0000000,0x00000000a43d6098,0x00000000b0480000)
 Metaspace       used 89082K, capacity 94837K, committed 94936K, reserved 1132544K
  class space    used 11294K, capacity 12701K, committed 12800K, reserved 1048576K
Event: 2563.405 GC heap after
Heap after GC invocations=26 (full 3):
 PSYoungGen      total 318976K, used 34621K [0x00000000e0000000, 0x00000000fa280000, 0x0000000100000000)
  eden space 278528K, 0% used [0x00000000e0000000,0x00000000e0000000,0x00000000f1000000)
  from space 40448K, 85% used [0x00000000f1000000,0x00000000f31cf768,0x00000000f3780000)
  to   space 43520K, 0% used [0x00000000f7800000,0x00000000f7800000,0x00000000fa280000)
 ParOldGen       total 266752K, used 70440K [0x00000000a0000000, 0x00000000b0480000, 0x00000000e0000000)
  object space 266752K, 26% used [0x00000000a0000000,0x00000000a44ca0f8,0x00000000b0480000)
 Metaspace       used 89082K, capacity 94837K, committed 94936K, reserved 1132544K
  class space    used 11294K, capacity 12701K, committed 12800K, reserved 1048576K
}
Event: 2564.660 GC heap before
{Heap before GC invocations=27 (full 3):
 PSYoungGen      total 318976K, used 313149K [0x00000000e0000000, 0x00000000fa280000, 0x0000000100000000)
  eden space 278528K, 100% used [0x00000000e0000000,0x00000000f1000000,0x00000000f1000000)
  from space 40448K, 85% used [0x00000000f1000000,0x00000000f31cf768,0x00000000f3780000)
  to   space 43520K, 0% used [0x00000000f7800000,0x00000000f7800000,0x00000000fa280000)
 ParOldGen       total 266752K, used 70440K [0x00000000a0000000, 0x00000000b0480000, 0x00000000e0000000)
  object space 266752K, 26% used [0x00000000a0000000,0x00000000a44ca0f8,0x00000000b0480000)
 Metaspace       used 89093K, capacity 94837K, committed 94936K, reserved 1132544K
  class space    used 11294K, capacity 12701K, committed 12800K, reserved 1048576K
Event: 2564.724 GC heap after
Heap after GC invocations=27 (full 3):
 PSYoungGen      total 381440K, used 37517K [0x00000000e0000000, 0x00000000fae80000, 0x0000000100000000)
  eden space 337920K, 0% used [0x00000000e0000000,0x00000000e0000000,0x00000000f4a00000)
  from space 43520K, 86% used [0x00000000f7800000,0x00000000f9ca3778,0x00000000fa280000)
  to   space 47104K, 0% used [0x00000000f4a00000,0x00000000f4a00000,0x00000000f7800000)
 ParOldGen       total 266752K, used 71136K [0x00000000a0000000, 0x00000000b0480000, 0x00000000e0000000)
  object space 266752K, 26% used [0x00000000a0000000,0x00000000a4578158,0x00000000b0480000)
 Metaspace       used 89093K, capacity 94837K, committed 94936K, reserved 1132544K
  class space    used 11294K, capacity 12701K, committed 12800K, reserved 1048576K
}
Event: 2566.263 GC heap before
{Heap before GC invocations=28 (full 3):
 PSYoungGen      total 381440K, used 375437K [0x00000000e0000000, 0x00000000fae80000, 0x0000000100000000)
  eden space 337920K, 100% used [0x00000000e0000000,0x00000000f4a00000,0x00000000f4a00000)
  from space 43520K, 86% used [0x00000000f7800000,0x00000000f9ca3778,0x00000000fa280000)
  to   space 47104K, 0% used [0x00000000f4a00000,0x00000000f4a00000,0x00000000f7800000)
 ParOldGen       total 266752K, used 71136K [0x00000000a0000000, 0x00000000b0480000, 0x00000000e0000000)
  object space 266752K, 26% used [0x00000000a0000000,0x00000000a4578158,0x00000000b0480000)
 Metaspace       used 89104K, capacity 94837K, committed 94936K, reserved 1132544K
  class space    used 11295K, capacity 12701K, committed 12800K, reserved 1048576K
Event: 2566.355 GC heap after
Heap after GC invocations=28 (full 3):
 PSYoungGen      total 385024K, used 39757K [0x00000000e0000000, 0x00000000fed80000, 0x0000000100000000)
  eden space 337920K, 0% used [0x00000000e0000000,0x00000000e0000000,0x00000000f4a00000)
  from space 47104K, 84% used [0x00000000f4a00000,0x00000000f70d37b8,0x00000000f7800000)
  to   space 50688K, 0% used [0x00000000fbc00000,0x00000000fbc00000,0x00000000fed80000)
 ParOldGen       total 266752K, used 72782K [0x00000000a0000000, 0x00000000b0480000, 0x00000000e0000000)
  object space 266752K, 27% used [0x00000000a0000000,0x00000000a4713b70,0x00000000b0480000)
 Metaspace       used 89104K, capacity 94837K, committed 94936K, reserved 1132544K
  class space    used 11295K, capacity 12701K, committed 12800K, reserved 1048576K
}
Event: 2568.896 GC heap before
{Heap before GC invocations=29 (full 3):
 PSYoungGen      total 385024K, used 377677K [0x00000000e0000000, 0x00000000fed80000, 0x0000000100000000)
  eden space 337920K, 100% used [0x00000000e0000000,0x00000000f4a00000,0x00000000f4a00000)
  from space 47104K, 84% used [0x00000000f4a00000,0x00000000f70d37b8,0x00000000f7800000)
  to   space 50688K, 0% used [0x00000000fbc00000,0x00000000fbc00000,0x00000000fed80000)
 ParOldGen       total 266752K, used 72782K [0x00000000a0000000, 0x00000000b0480000, 0x00000000e0000000)
  object space 266752K, 27% used [0x00000000a0000000,0x00000000a4713b70,0x00000000b0480000)
 Metaspace       used 89119K, capacity 94837K, committed 94936K, reserved 1132544K
  class space    used 11296K, capacity 12701K, committed 12800K, reserved 1048576K
Event: 2568.968 GC heap after
Heap after GC invocations=29 (full 3):
 PSYoungGen      total 451584K, used 40129K [0x00000000e0000000, 0x00000000ff180000, 0x0000000100000000)
  eden space 400896K, 0% used [0x00000000e0000000,0x00000000e0000000,0x00000000f8780000)
  from space 50688K, 79% used [0x00000000fbc00000,0x00000000fe330788,0x00000000fed80000)
  to   space 53760K, 0% used [0x00000000f8780000,0x00000000f8780000,0x00000000fbc00000)
 ParOldGen       total 266752K, used 73998K [0x00000000a0000000, 0x00000000b0480000, 0x00000000e0000000)
  object space 266752K, 27% used [0x00000000a0000000,0x00000000a4843928,0x00000000b0480000)
 Metaspace       used 89119K, capacity 94837K, committed 94936K, reserved 1132544K
  class space    used 11296K, capacity 12701K, committed 12800K, reserved 1048576K
}
Event: 2573.959 GC heap before
{Heap before GC invocations=30 (full 3):
 PSYoungGen      total 451584K, used 441025K [0x00000000e0000000, 0x00000000ff180000, 0x0000000100000000)
  eden space 400896K, 100% used [0x00000000e0000000,0x00000000f8780000,0x00000000f8780000)
  from space 50688K, 79% used [0x00000000fbc00000,0x00000000fe330788,0x00000000fed80000)
  to   space 53760K, 0% used [0x00000000f8780000,0x00000000f8780000,0x00000000fbc00000)
 ParOldGen       total 266752K, used 73998K [0x00000000a0000000, 0x00000000b0480000, 0x00000000e0000000)
  object space 266752K, 27% used [0x00000000a0000000,0x00000000a4843928,0x00000000b0480000)
 Metaspace       used 89320K, capacity 94999K, committed 95192K, reserved 1132544K
  class space    used 11314K, capacity 12708K, committed 12800K, reserved 1048576K

